{"/home/chirkov/frontend-project-lvl2/src/getAST.js": {"path":"/home/chirkov/frontend-project-lvl2/src/getAST.js","all":false,"statementMap":{"0":{"start":{"line":1,"column":0},"end":{"line":1,"column":23}},"1":{"start":{"line":2,"column":0},"end":{"line":2,"column":0}},"2":{"start":{"line":3,"column":0},"end":{"line":3,"column":32}},"3":{"start":{"line":4,"column":0},"end":{"line":4,"column":61}},"4":{"start":{"line":5,"column":0},"end":{"line":5,"column":36}},"5":{"start":{"line":6,"column":0},"end":{"line":6,"column":42}},"6":{"start":{"line":7,"column":0},"end":{"line":7,"column":42}},"7":{"start":{"line":8,"column":0},"end":{"line":8,"column":53}},"8":{"start":{"line":9,"column":0},"end":{"line":9,"column":5}},"9":{"start":{"line":10,"column":0},"end":{"line":10,"column":0}},"10":{"start":{"line":11,"column":0},"end":{"line":11,"column":48}},"11":{"start":{"line":12,"column":0},"end":{"line":12,"column":52}},"12":{"start":{"line":13,"column":0},"end":{"line":13,"column":5}},"13":{"start":{"line":14,"column":0},"end":{"line":14,"column":0}},"14":{"start":{"line":15,"column":0},"end":{"line":15,"column":48}},"15":{"start":{"line":16,"column":0},"end":{"line":16,"column":55}},"16":{"start":{"line":17,"column":0},"end":{"line":17,"column":5}},"17":{"start":{"line":18,"column":0},"end":{"line":18,"column":0}},"18":{"start":{"line":19,"column":0},"end":{"line":19,"column":57}},"19":{"start":{"line":20,"column":0},"end":{"line":20,"column":74}},"20":{"start":{"line":21,"column":0},"end":{"line":21,"column":5}},"21":{"start":{"line":22,"column":0},"end":{"line":22,"column":0}},"22":{"start":{"line":23,"column":0},"end":{"line":23,"column":12}},"23":{"start":{"line":24,"column":0},"end":{"line":24,"column":74}},"24":{"start":{"line":25,"column":0},"end":{"line":25,"column":6}},"25":{"start":{"line":26,"column":0},"end":{"line":26,"column":5}},"26":{"start":{"line":27,"column":0},"end":{"line":27,"column":16}},"27":{"start":{"line":28,"column":0},"end":{"line":28,"column":2}},"28":{"start":{"line":29,"column":0},"end":{"line":29,"column":22}}},"s":{"0":1,"1":1,"2":1,"3":11,"4":11,"5":11,"6":42,"7":6,"8":6,"9":36,"10":42,"11":13,"12":13,"13":23,"14":42,"15":7,"16":7,"17":16,"18":42,"19":8,"20":8,"21":8,"22":8,"23":8,"24":8,"25":8,"26":11,"27":11,"28":1},"branchMap":{"0":{"type":"branch","line":3,"loc":{"start":{"line":3,"column":15},"end":{"line":28,"column":2}},"locations":[{"start":{"line":3,"column":15},"end":{"line":28,"column":2}}]},"1":{"type":"branch","line":6,"loc":{"start":{"line":6,"column":33},"end":{"line":26,"column":5}},"locations":[{"start":{"line":6,"column":33},"end":{"line":26,"column":5}}]},"2":{"type":"branch","line":7,"loc":{"start":{"line":7,"column":41},"end":{"line":9,"column":5}},"locations":[{"start":{"line":7,"column":41},"end":{"line":9,"column":5}}]},"3":{"type":"branch","line":10,"loc":{"start":{"line":10,"column":-1},"end":{"line":11,"column":9}},"locations":[{"start":{"line":10,"column":-1},"end":{"line":11,"column":9}}]},"4":{"type":"branch","line":11,"loc":{"start":{"line":11,"column":8},"end":{"line":11,"column":30}},"locations":[{"start":{"line":11,"column":8},"end":{"line":11,"column":30}}]},"5":{"type":"branch","line":11,"loc":{"start":{"line":11,"column":47},"end":{"line":13,"column":5}},"locations":[{"start":{"line":11,"column":47},"end":{"line":13,"column":5}}]},"6":{"type":"branch","line":14,"loc":{"start":{"line":14,"column":-1},"end":{"line":15,"column":30}},"locations":[{"start":{"line":14,"column":-1},"end":{"line":15,"column":30}}]},"7":{"type":"branch","line":15,"loc":{"start":{"line":15,"column":47},"end":{"line":17,"column":5}},"locations":[{"start":{"line":15,"column":47},"end":{"line":17,"column":5}}]},"8":{"type":"branch","line":18,"loc":{"start":{"line":18,"column":-1},"end":{"line":19,"column":9}},"locations":[{"start":{"line":18,"column":-1},"end":{"line":19,"column":9}}]},"9":{"type":"branch","line":19,"loc":{"start":{"line":19,"column":8},"end":{"line":19,"column":34}},"locations":[{"start":{"line":19,"column":8},"end":{"line":19,"column":34}}]},"10":{"type":"branch","line":19,"loc":{"start":{"line":19,"column":56},"end":{"line":26,"column":5}},"locations":[{"start":{"line":19,"column":56},"end":{"line":26,"column":5}}]}},"b":{"0":[11],"1":[42],"2":[6],"3":[36],"4":[13],"5":[13],"6":[23],"7":[7],"8":[16],"9":[10],"10":[8]},"fnMap":{"0":{"name":"getAST","decl":{"start":{"line":3,"column":15},"end":{"line":28,"column":2}},"loc":{"start":{"line":3,"column":15},"end":{"line":28,"column":2}},"line":3}},"f":{"0":11}}
,"/home/chirkov/frontend-project-lvl2/src/index.js": {"path":"/home/chirkov/frontend-project-lvl2/src/index.js","all":false,"statementMap":{"0":{"start":{"line":1,"column":0},"end":{"line":1,"column":33}},"1":{"start":{"line":2,"column":0},"end":{"line":2,"column":33}},"2":{"start":{"line":3,"column":0},"end":{"line":3,"column":45}},"3":{"start":{"line":4,"column":0},"end":{"line":4,"column":0}},"4":{"start":{"line":5,"column":0},"end":{"line":5,"column":66}},"5":{"start":{"line":6,"column":0},"end":{"line":6,"column":32}},"6":{"start":{"line":7,"column":0},"end":{"line":7,"column":32}},"7":{"start":{"line":8,"column":0},"end":{"line":8,"column":33}},"8":{"start":{"line":9,"column":0},"end":{"line":9,"column":34}},"9":{"start":{"line":10,"column":0},"end":{"line":10,"column":2}},"10":{"start":{"line":11,"column":0},"end":{"line":11,"column":23}}},"s":{"0":1,"1":1,"2":1,"3":1,"4":1,"5":3,"6":3,"7":3,"8":3,"9":3,"10":1},"branchMap":{"0":{"type":"branch","line":5,"loc":{"start":{"line":5,"column":16},"end":{"line":10,"column":2}},"locations":[{"start":{"line":5,"column":16},"end":{"line":10,"column":2}}]}},"b":{"0":[3]},"fnMap":{"0":{"name":"genDiff","decl":{"start":{"line":5,"column":16},"end":{"line":10,"column":2}},"loc":{"start":{"line":5,"column":16},"end":{"line":10,"column":2}},"line":5}},"f":{"0":3}}
,"/home/chirkov/frontend-project-lvl2/src/parsers.js": {"path":"/home/chirkov/frontend-project-lvl2/src/parsers.js","all":false,"statementMap":{"0":{"start":{"line":1,"column":0},"end":{"line":1,"column":20}},"1":{"start":{"line":2,"column":0},"end":{"line":2,"column":24}},"2":{"start":{"line":3,"column":0},"end":{"line":3,"column":27}},"3":{"start":{"line":4,"column":0},"end":{"line":4,"column":0}},"4":{"start":{"line":5,"column":0},"end":{"line":5,"column":29}},"5":{"start":{"line":6,"column":0},"end":{"line":6,"column":64}},"6":{"start":{"line":7,"column":0},"end":{"line":7,"column":40}},"7":{"start":{"line":8,"column":0},"end":{"line":8,"column":27}},"8":{"start":{"line":9,"column":0},"end":{"line":9,"column":28}},"9":{"start":{"line":10,"column":0},"end":{"line":10,"column":3}},"10":{"start":{"line":11,"column":0},"end":{"line":11,"column":48}},"11":{"start":{"line":12,"column":0},"end":{"line":12,"column":27}},"12":{"start":{"line":13,"column":0},"end":{"line":13,"column":3}},"13":{"start":{"line":14,"column":0},"end":{"line":14,"column":54}},"14":{"start":{"line":15,"column":0},"end":{"line":15,"column":2}},"15":{"start":{"line":16,"column":0},"end":{"line":16,"column":21}}},"s":{"0":1,"1":1,"2":1,"3":1,"4":1,"5":6,"6":6,"7":6,"8":4,"9":4,"10":6,"11":2,"12":2,"13":0,"14":0,"15":1},"branchMap":{"0":{"type":"branch","line":5,"loc":{"start":{"line":5,"column":15},"end":{"line":15,"column":2}},"locations":[{"start":{"line":5,"column":15},"end":{"line":15,"column":2}}]},"1":{"type":"branch","line":8,"loc":{"start":{"line":8,"column":26},"end":{"line":10,"column":3}},"locations":[{"start":{"line":8,"column":26},"end":{"line":10,"column":3}}]},"2":{"type":"branch","line":11,"loc":{"start":{"line":11,"column":-1},"end":{"line":11,"column":12}},"locations":[{"start":{"line":11,"column":-1},"end":{"line":11,"column":12}}]},"3":{"type":"branch","line":11,"loc":{"start":{"line":11,"column":6},"end":{"line":11,"column":47}},"locations":[{"start":{"line":11,"column":6},"end":{"line":11,"column":47}}]},"4":{"type":"branch","line":11,"loc":{"start":{"line":11,"column":47},"end":{"line":13,"column":3}},"locations":[{"start":{"line":11,"column":47},"end":{"line":13,"column":3}}]},"5":{"type":"branch","line":14,"loc":{"start":{"line":14,"column":-1},"end":{"line":15,"column":2}},"locations":[{"start":{"line":14,"column":-1},"end":{"line":15,"column":2}}]}},"b":{"0":[6],"1":[4],"2":[2],"3":[0],"4":[2],"5":[0]},"fnMap":{"0":{"name":"parse","decl":{"start":{"line":5,"column":15},"end":{"line":15,"column":2}},"loc":{"start":{"line":5,"column":15},"end":{"line":15,"column":2}},"line":5}},"f":{"0":6}}
,"/home/chirkov/frontend-project-lvl2/src/formatters/index.js": {"path":"/home/chirkov/frontend-project-lvl2/src/formatters/index.js","all":false,"statementMap":{"0":{"start":{"line":1,"column":0},"end":{"line":1,"column":37}},"1":{"start":{"line":2,"column":0},"end":{"line":2,"column":33}},"2":{"start":{"line":3,"column":0},"end":{"line":3,"column":31}},"3":{"start":{"line":4,"column":0},"end":{"line":4,"column":0}},"4":{"start":{"line":5,"column":0},"end":{"line":5,"column":38}},"5":{"start":{"line":6,"column":0},"end":{"line":6,"column":32}},"6":{"start":{"line":7,"column":0},"end":{"line":7,"column":26}},"7":{"start":{"line":8,"column":0},"end":{"line":8,"column":3}},"8":{"start":{"line":9,"column":0},"end":{"line":9,"column":30}},"9":{"start":{"line":10,"column":0},"end":{"line":10,"column":24}},"10":{"start":{"line":11,"column":0},"end":{"line":11,"column":3}},"11":{"start":{"line":12,"column":0},"end":{"line":12,"column":29}},"12":{"start":{"line":13,"column":0},"end":{"line":13,"column":23}},"13":{"start":{"line":14,"column":0},"end":{"line":14,"column":3}},"14":{"start":{"line":15,"column":0},"end":{"line":15,"column":46}},"15":{"start":{"line":16,"column":0},"end":{"line":16,"column":2}},"16":{"start":{"line":17,"column":0},"end":{"line":17,"column":24}}},"s":{"0":1,"1":1,"2":1,"3":1,"4":1,"5":3,"6":2,"7":2,"8":1,"9":1,"10":1,"11":0,"12":0,"13":0,"14":0,"15":0,"16":1},"branchMap":{"0":{"type":"branch","line":5,"loc":{"start":{"line":5,"column":17},"end":{"line":16,"column":2}},"locations":[{"start":{"line":5,"column":17},"end":{"line":16,"column":2}}]},"1":{"type":"branch","line":6,"loc":{"start":{"line":6,"column":31},"end":{"line":8,"column":3}},"locations":[{"start":{"line":6,"column":31},"end":{"line":8,"column":3}}]},"2":{"type":"branch","line":9,"loc":{"start":{"line":9,"column":-1},"end":{"line":11,"column":3}},"locations":[{"start":{"line":9,"column":-1},"end":{"line":11,"column":3}}]},"3":{"type":"branch","line":12,"loc":{"start":{"line":12,"column":-1},"end":{"line":16,"column":2}},"locations":[{"start":{"line":12,"column":-1},"end":{"line":16,"column":2}}]}},"b":{"0":[3],"1":[2],"2":[1],"3":[0]},"fnMap":{"0":{"name":"toFormat","decl":{"start":{"line":5,"column":17},"end":{"line":16,"column":2}},"loc":{"start":{"line":5,"column":17},"end":{"line":16,"column":2}},"line":5}},"f":{"0":3}}
,"/home/chirkov/frontend-project-lvl2/src/formatters/json.js": {"path":"/home/chirkov/frontend-project-lvl2/src/formatters/json.js","all":false,"statementMap":{"0":{"start":{"line":1,"column":0},"end":{"line":1,"column":44}},"1":{"start":{"line":2,"column":0},"end":{"line":2,"column":0}},"2":{"start":{"line":3,"column":0},"end":{"line":3,"column":20}}},"s":{"0":1,"1":1,"2":1},"branchMap":{},"b":{},"fnMap":{"0":{"name":"json","decl":{"start":{"line":1,"column":14},"end":{"line":1,"column":27}},"loc":{"start":{"line":1,"column":14},"end":{"line":1,"column":27}},"line":1}},"f":{"0":0}}
,"/home/chirkov/frontend-project-lvl2/src/formatters/plain.js": {"path":"/home/chirkov/frontend-project-lvl2/src/formatters/plain.js","all":false,"statementMap":{"0":{"start":{"line":1,"column":0},"end":{"line":1,"column":28}},"1":{"start":{"line":2,"column":0},"end":{"line":2,"column":52}},"2":{"start":{"line":3,"column":0},"end":{"line":3,"column":29}},"3":{"start":{"line":4,"column":0},"end":{"line":4,"column":3}},"4":{"start":{"line":5,"column":0},"end":{"line":5,"column":34}},"5":{"start":{"line":6,"column":0},"end":{"line":6,"column":24}},"6":{"start":{"line":7,"column":0},"end":{"line":7,"column":3}},"7":{"start":{"line":8,"column":0},"end":{"line":8,"column":23}},"8":{"start":{"line":9,"column":0},"end":{"line":9,"column":16}},"9":{"start":{"line":10,"column":0},"end":{"line":10,"column":3}},"10":{"start":{"line":11,"column":0},"end":{"line":11,"column":15}},"11":{"start":{"line":12,"column":0},"end":{"line":12,"column":2}},"12":{"start":{"line":13,"column":0},"end":{"line":13,"column":43}},"13":{"start":{"line":14,"column":0},"end":{"line":14,"column":63}},"14":{"start":{"line":15,"column":0},"end":{"line":15,"column":41}},"15":{"start":{"line":16,"column":0},"end":{"line":16,"column":32}},"16":{"start":{"line":17,"column":0},"end":{"line":17,"column":58}},"17":{"start":{"line":18,"column":0},"end":{"line":18,"column":5}},"18":{"start":{"line":19,"column":0},"end":{"line":19,"column":33}},"19":{"start":{"line":20,"column":0},"end":{"line":20,"column":122}},"20":{"start":{"line":21,"column":0},"end":{"line":21,"column":5}},"21":{"start":{"line":22,"column":0},"end":{"line":22,"column":29}},"22":{"start":{"line":23,"column":0},"end":{"line":23,"column":90}},"23":{"start":{"line":24,"column":0},"end":{"line":24,"column":5}},"24":{"start":{"line":25,"column":0},"end":{"line":25,"column":57}},"25":{"start":{"line":26,"column":0},"end":{"line":26,"column":5}},"26":{"start":{"line":27,"column":0},"end":{"line":27,"column":31}},"27":{"start":{"line":28,"column":0},"end":{"line":28,"column":2}},"28":{"start":{"line":29,"column":0},"end":{"line":29,"column":26}}},"s":{"0":1,"1":13,"2":3,"3":3,"4":13,"5":7,"6":7,"7":13,"8":1,"9":1,"10":2,"11":2,"12":1,"13":5,"14":5,"15":15,"16":2,"17":2,"18":15,"19":4,"20":4,"21":15,"22":5,"23":5,"24":4,"25":4,"26":5,"27":5,"28":1},"branchMap":{"0":{"type":"branch","line":1,"loc":{"start":{"line":1,"column":17},"end":{"line":12,"column":2}},"locations":[{"start":{"line":1,"column":17},"end":{"line":12,"column":2}}]},"1":{"type":"branch","line":2,"loc":{"start":{"line":2,"column":6},"end":{"line":2,"column":51}},"locations":[{"start":{"line":2,"column":6},"end":{"line":2,"column":51}}]},"2":{"type":"branch","line":2,"loc":{"start":{"line":2,"column":51},"end":{"line":4,"column":3}},"locations":[{"start":{"line":2,"column":51},"end":{"line":4,"column":3}}]},"3":{"type":"branch","line":5,"loc":{"start":{"line":5,"column":-1},"end":{"line":5,"column":6}},"locations":[{"start":{"line":5,"column":-1},"end":{"line":5,"column":6}}]},"4":{"type":"branch","line":5,"loc":{"start":{"line":5,"column":33},"end":{"line":7,"column":3}},"locations":[{"start":{"line":5,"column":33},"end":{"line":7,"column":3}}]},"5":{"type":"branch","line":8,"loc":{"start":{"line":8,"column":-1},"end":{"line":8,"column":6}},"locations":[{"start":{"line":8,"column":-1},"end":{"line":8,"column":6}}]},"6":{"type":"branch","line":8,"loc":{"start":{"line":8,"column":22},"end":{"line":10,"column":3}},"locations":[{"start":{"line":8,"column":22},"end":{"line":10,"column":3}}]},"7":{"type":"branch","line":11,"loc":{"start":{"line":11,"column":-1},"end":{"line":12,"column":2}},"locations":[{"start":{"line":11,"column":-1},"end":{"line":12,"column":2}}]},"8":{"type":"branch","line":13,"loc":{"start":{"line":13,"column":19},"end":{"line":28,"column":2}},"locations":[{"start":{"line":13,"column":19},"end":{"line":28,"column":2}}]},"9":{"type":"branch","line":14,"loc":{"start":{"line":14,"column":34},"end":{"line":14,"column":63}},"locations":[{"start":{"line":14,"column":34},"end":{"line":14,"column":63}}]},"10":{"type":"branch","line":15,"loc":{"start":{"line":15,"column":32},"end":{"line":26,"column":5}},"locations":[{"start":{"line":15,"column":32},"end":{"line":26,"column":5}}]},"11":{"type":"branch","line":16,"loc":{"start":{"line":16,"column":31},"end":{"line":18,"column":5}},"locations":[{"start":{"line":16,"column":31},"end":{"line":18,"column":5}}]},"12":{"type":"branch","line":19,"loc":{"start":{"line":19,"column":-1},"end":{"line":19,"column":8}},"locations":[{"start":{"line":19,"column":-1},"end":{"line":19,"column":8}}]},"13":{"type":"branch","line":19,"loc":{"start":{"line":19,"column":32},"end":{"line":21,"column":5}},"locations":[{"start":{"line":19,"column":32},"end":{"line":21,"column":5}}]},"14":{"type":"branch","line":22,"loc":{"start":{"line":22,"column":-1},"end":{"line":22,"column":8}},"locations":[{"start":{"line":22,"column":-1},"end":{"line":22,"column":8}}]},"15":{"type":"branch","line":22,"loc":{"start":{"line":22,"column":28},"end":{"line":24,"column":5}},"locations":[{"start":{"line":22,"column":28},"end":{"line":24,"column":5}}]},"16":{"type":"branch","line":25,"loc":{"start":{"line":25,"column":-1},"end":{"line":26,"column":5}},"locations":[{"start":{"line":25,"column":-1},"end":{"line":26,"column":5}}]}},"b":{"0":[13],"1":[4],"2":[3],"3":[10],"4":[7],"5":[3],"6":[1],"7":[2],"8":[5],"9":[18],"10":[15],"11":[2],"12":[13],"13":[4],"14":[9],"15":[5],"16":[4]},"fnMap":{"0":{"name":"display","decl":{"start":{"line":1,"column":17},"end":{"line":12,"column":2}},"loc":{"start":{"line":1,"column":17},"end":{"line":12,"column":2}},"line":1},"1":{"name":"ASTtoPlain","decl":{"start":{"line":13,"column":19},"end":{"line":28,"column":2}},"loc":{"start":{"line":13,"column":19},"end":{"line":28,"column":2}},"line":13}},"f":{"0":13,"1":5}}
,"/home/chirkov/frontend-project-lvl2/src/formatters/stylish.js": {"path":"/home/chirkov/frontend-project-lvl2/src/formatters/stylish.js","all":false,"statementMap":{"0":{"start":{"line":1,"column":0},"end":{"line":1,"column":23}},"1":{"start":{"line":2,"column":0},"end":{"line":2,"column":0}},"2":{"start":{"line":3,"column":0},"end":{"line":3,"column":44}},"3":{"start":{"line":4,"column":0},"end":{"line":4,"column":30}},"4":{"start":{"line":5,"column":0},"end":{"line":5,"column":25}},"5":{"start":{"line":6,"column":0},"end":{"line":6,"column":3}},"6":{"start":{"line":7,"column":0},"end":{"line":7,"column":22}},"7":{"start":{"line":8,"column":0},"end":{"line":8,"column":22}},"8":{"start":{"line":9,"column":0},"end":{"line":9,"column":97}},"9":{"start":{"line":10,"column":0},"end":{"line":10,"column":65}},"10":{"start":{"line":11,"column":0},"end":{"line":11,"column":2}},"11":{"start":{"line":12,"column":0},"end":{"line":12,"column":42}},"12":{"start":{"line":13,"column":0},"end":{"line":13,"column":38}},"13":{"start":{"line":14,"column":0},"end":{"line":14,"column":41}},"14":{"start":{"line":15,"column":0},"end":{"line":15,"column":35}},"15":{"start":{"line":16,"column":0},"end":{"line":16,"column":32}},"16":{"start":{"line":17,"column":0},"end":{"line":17,"column":75}},"17":{"start":{"line":18,"column":0},"end":{"line":18,"column":5}},"18":{"start":{"line":19,"column":0},"end":{"line":19,"column":30}},"19":{"start":{"line":20,"column":0},"end":{"line":20,"column":75}},"20":{"start":{"line":21,"column":0},"end":{"line":21,"column":5}},"21":{"start":{"line":22,"column":0},"end":{"line":22,"column":33}},"22":{"start":{"line":23,"column":0},"end":{"line":23,"column":147}},"23":{"start":{"line":24,"column":0},"end":{"line":24,"column":5}},"24":{"start":{"line":25,"column":0},"end":{"line":25,"column":29}},"25":{"start":{"line":26,"column":0},"end":{"line":26,"column":75}},"26":{"start":{"line":27,"column":0},"end":{"line":27,"column":5}},"27":{"start":{"line":28,"column":0},"end":{"line":28,"column":75}},"28":{"start":{"line":29,"column":0},"end":{"line":29,"column":5}},"29":{"start":{"line":30,"column":0},"end":{"line":30,"column":53}},"30":{"start":{"line":31,"column":0},"end":{"line":31,"column":2}},"31":{"start":{"line":32,"column":0},"end":{"line":32,"column":27}}},"s":{"0":1,"1":1,"2":1,"3":33,"4":26,"5":26,"6":7,"7":7,"8":7,"9":7,"10":7,"11":1,"12":6,"13":6,"14":6,"15":24,"16":5,"17":5,"18":24,"19":3,"20":3,"21":24,"22":4,"23":4,"24":24,"25":8,"26":8,"27":4,"28":4,"29":6,"30":6,"31":1},"branchMap":{"0":{"type":"branch","line":3,"loc":{"start":{"line":3,"column":22},"end":{"line":11,"column":2}},"locations":[{"start":{"line":3,"column":22},"end":{"line":11,"column":2}}]},"1":{"type":"branch","line":4,"loc":{"start":{"line":4,"column":29},"end":{"line":6,"column":3}},"locations":[{"start":{"line":4,"column":29},"end":{"line":6,"column":3}}]},"2":{"type":"branch","line":7,"loc":{"start":{"line":7,"column":-1},"end":{"line":11,"column":2}},"locations":[{"start":{"line":7,"column":-1},"end":{"line":11,"column":2}}]},"3":{"type":"branch","line":9,"loc":{"start":{"line":9,"column":9},"end":{"line":9,"column":97}},"locations":[{"start":{"line":9,"column":9},"end":{"line":9,"column":97}}]},"4":{"type":"branch","line":12,"loc":{"start":{"line":12,"column":20},"end":{"line":31,"column":2}},"locations":[{"start":{"line":12,"column":20},"end":{"line":31,"column":2}}]},"5":{"type":"branch","line":15,"loc":{"start":{"line":15,"column":26},"end":{"line":29,"column":5}},"locations":[{"start":{"line":15,"column":26},"end":{"line":29,"column":5}}]},"6":{"type":"branch","line":16,"loc":{"start":{"line":16,"column":31},"end":{"line":18,"column":5}},"locations":[{"start":{"line":16,"column":31},"end":{"line":18,"column":5}}]},"7":{"type":"branch","line":19,"loc":{"start":{"line":19,"column":-1},"end":{"line":19,"column":8}},"locations":[{"start":{"line":19,"column":-1},"end":{"line":19,"column":8}}]},"8":{"type":"branch","line":19,"loc":{"start":{"line":19,"column":29},"end":{"line":21,"column":5}},"locations":[{"start":{"line":19,"column":29},"end":{"line":21,"column":5}}]},"9":{"type":"branch","line":22,"loc":{"start":{"line":22,"column":-1},"end":{"line":22,"column":8}},"locations":[{"start":{"line":22,"column":-1},"end":{"line":22,"column":8}}]},"10":{"type":"branch","line":22,"loc":{"start":{"line":22,"column":32},"end":{"line":24,"column":5}},"locations":[{"start":{"line":22,"column":32},"end":{"line":24,"column":5}}]},"11":{"type":"branch","line":25,"loc":{"start":{"line":25,"column":-1},"end":{"line":25,"column":8}},"locations":[{"start":{"line":25,"column":-1},"end":{"line":25,"column":8}}]},"12":{"type":"branch","line":25,"loc":{"start":{"line":25,"column":28},"end":{"line":27,"column":5}},"locations":[{"start":{"line":25,"column":28},"end":{"line":27,"column":5}}]},"13":{"type":"branch","line":28,"loc":{"start":{"line":28,"column":-1},"end":{"line":29,"column":5}},"locations":[{"start":{"line":28,"column":-1},"end":{"line":29,"column":5}}]}},"b":{"0":[33],"1":[26],"2":[7],"3":[9],"4":[6],"5":[24],"6":[5],"7":[19],"8":[3],"9":[16],"10":[4],"11":[12],"12":[8],"13":[4]},"fnMap":{"0":{"name":"valueToString","decl":{"start":{"line":3,"column":22},"end":{"line":11,"column":2}},"loc":{"start":{"line":3,"column":22},"end":{"line":11,"column":2}},"line":3},"1":{"name":"ASTtoString","decl":{"start":{"line":12,"column":20},"end":{"line":31,"column":2}},"loc":{"start":{"line":12,"column":20},"end":{"line":31,"column":2}},"line":12}},"f":{"0":33,"1":6}}
}
