TN:
SF:src/getAST.js
FN:3,getAST
FNF:1
FNH:1
FNDA:11,getAST
DA:1,1
DA:2,1
DA:3,1
DA:4,11
DA:5,11
DA:6,11
DA:7,42
DA:8,6
DA:9,6
DA:10,36
DA:11,42
DA:12,13
DA:13,13
DA:14,23
DA:15,42
DA:16,7
DA:17,7
DA:18,16
DA:19,42
DA:20,8
DA:21,8
DA:22,8
DA:23,8
DA:24,8
DA:25,8
DA:26,8
DA:27,11
DA:28,11
DA:29,1
LF:29
LH:29
BRDA:3,0,0,11
BRDA:6,1,0,42
BRDA:7,2,0,6
BRDA:10,3,0,36
BRDA:11,4,0,13
BRDA:11,5,0,13
BRDA:14,6,0,23
BRDA:15,7,0,7
BRDA:18,8,0,16
BRDA:19,9,0,10
BRDA:19,10,0,8
BRF:11
BRH:11
end_of_record
TN:
SF:src/index.js
FN:5,genDiff
FNF:1
FNH:1
FNDA:3,genDiff
DA:1,1
DA:2,1
DA:3,1
DA:4,1
DA:5,1
DA:6,3
DA:7,3
DA:8,3
DA:9,3
DA:10,3
DA:11,1
LF:11
LH:11
BRDA:5,0,0,3
BRF:1
BRH:1
end_of_record
TN:
SF:src/parsers.js
FN:5,parse
FNF:1
FNH:1
FNDA:6,parse
DA:1,1
DA:2,1
DA:3,1
DA:4,1
DA:5,1
DA:6,6
DA:7,6
DA:8,6
DA:9,4
DA:10,4
DA:11,6
DA:12,2
DA:13,2
DA:14,0
DA:15,0
DA:16,1
LF:16
LH:14
BRDA:5,0,0,6
BRDA:8,1,0,4
BRDA:11,2,0,2
BRDA:11,3,0,0
BRDA:11,4,0,2
BRDA:14,5,0,0
BRF:6
BRH:4
end_of_record
TN:
SF:src/formatters/index.js
FN:5,toFormat
FNF:1
FNH:1
FNDA:3,toFormat
DA:1,1
DA:2,1
DA:3,1
DA:4,1
DA:5,1
DA:6,3
DA:7,2
DA:8,2
DA:9,1
DA:10,1
DA:11,1
DA:12,0
DA:13,0
DA:14,0
DA:15,0
DA:16,0
DA:17,1
LF:17
LH:12
BRDA:5,0,0,3
BRDA:6,1,0,2
BRDA:9,2,0,1
BRDA:12,3,0,0
BRF:4
BRH:3
end_of_record
TN:
SF:src/formatters/json.js
FN:1,json
FNF:1
FNH:0
FNDA:0,json
DA:1,1
DA:2,1
DA:3,1
LF:3
LH:3
BRF:0
BRH:0
end_of_record
TN:
SF:src/formatters/plain.js
FN:1,display
FN:13,ASTtoPlain
FNF:2
FNH:2
FNDA:13,display
FNDA:5,ASTtoPlain
DA:1,1
DA:2,13
DA:3,3
DA:4,3
DA:5,13
DA:6,7
DA:7,7
DA:8,13
DA:9,1
DA:10,1
DA:11,2
DA:12,2
DA:13,1
DA:14,5
DA:15,5
DA:16,15
DA:17,2
DA:18,2
DA:19,15
DA:20,4
DA:21,4
DA:22,15
DA:23,5
DA:24,5
DA:25,4
DA:26,4
DA:27,5
DA:28,5
DA:29,1
LF:29
LH:29
BRDA:1,0,0,13
BRDA:2,1,0,4
BRDA:2,2,0,3
BRDA:5,3,0,10
BRDA:5,4,0,7
BRDA:8,5,0,3
BRDA:8,6,0,1
BRDA:11,7,0,2
BRDA:13,8,0,5
BRDA:14,9,0,18
BRDA:15,10,0,15
BRDA:16,11,0,2
BRDA:19,12,0,13
BRDA:19,13,0,4
BRDA:22,14,0,9
BRDA:22,15,0,5
BRDA:25,16,0,4
BRF:17
BRH:17
end_of_record
TN:
SF:src/formatters/stylish.js
FN:3,valueToString
FN:12,ASTtoString
FNF:2
FNH:2
FNDA:33,valueToString
FNDA:6,ASTtoString
DA:1,1
DA:2,1
DA:3,1
DA:4,33
DA:5,26
DA:6,26
DA:7,7
DA:8,7
DA:9,7
DA:10,7
DA:11,7
DA:12,1
DA:13,6
DA:14,6
DA:15,6
DA:16,24
DA:17,5
DA:18,5
DA:19,24
DA:20,3
DA:21,3
DA:22,24
DA:23,4
DA:24,4
DA:25,24
DA:26,8
DA:27,8
DA:28,4
DA:29,4
DA:30,6
DA:31,6
DA:32,1
LF:32
LH:32
BRDA:3,0,0,33
BRDA:4,1,0,26
BRDA:7,2,0,7
BRDA:9,3,0,9
BRDA:12,4,0,6
BRDA:15,5,0,24
BRDA:16,6,0,5
BRDA:19,7,0,19
BRDA:19,8,0,3
BRDA:22,9,0,16
BRDA:22,10,0,4
BRDA:25,11,0,12
BRDA:25,12,0,8
BRDA:28,13,0,4
BRF:14
BRH:14
end_of_record
